<?xml version="1.0" encoding="UTF-8"?>
<coverage generated="1757958642834" clover="3.2.0">
  <project timestamp="1757958642834" name="All files">
    <metrics statements="17" coveredstatements="12" conditionals="2" coveredconditionals="0" methods="4" coveredmethods="2" elements="23" coveredelements="14" complexity="0" loc="17" ncloc="17" packages="1" files="1" classes="1"/>
    <file name="avatarService.ts" path="C:\Users\yanp0\OneDrive\Documentos\proyectos\FinNexusAi\apps\financial-avatars\avatarService.ts">
      <metrics statements="17" coveredstatements="12" conditionals="2" coveredconditionals="0" methods="4" coveredmethods="2"/>
      <line num="2" count="1" type="stmt"/>
      <line num="3" count="1" type="stmt"/>
      <line num="10" count="1" type="stmt"/>
      <line num="13" count="1" type="stmt"/>
      <line num="14" count="2" type="stmt"/>
      <line num="15" count="2" type="stmt"/>
      <line num="20" count="2" type="stmt"/>
      <line num="21" count="2" type="stmt"/>
      <line num="25" count="1" type="stmt"/>
      <line num="26" count="1" type="stmt"/>
      <line num="30" count="1" type="stmt"/>
      <line num="31" count="0" type="stmt"/>
      <line num="32" count="0" type="cond" truecount="0" falsecount="2"/>
      <line num="33" count="0" type="stmt"/>
      <line num="34" count="0" type="stmt"/>
      <line num="36" count="0" type="stmt"/>
      <line num="39" count="1" type="stmt"/>
    </file>
  </project>
</coverage>
