{"C:\\Users\\yanp0\\OneDrive\\Documentos\\proyectos\\FinNexusAi\\apps\\financial-avatars\\avatarService.ts": {"path":"C:\\Users\\yanp0\\OneDrive\\Documentos\\proyectos\\FinNexusAi\\apps\\financial-avatars\\avatarService.ts","statementMap":{"0":{"start":{"line":2,"column":0},"end":{"line":2,"column":30}},"1":{"start":{"line":3,"column":15},"end":{"line":3,"column":31}},"2":{"start":{"line":10,"column":26},"end":{"line":10,"column":28}},"3":{"start":{"line":13,"column":0},"end":{"line":22,"column":3}},"4":{"start":{"line":14,"column":34},"end":{"line":14,"column":42}},"5":{"start":{"line":15,"column":25},"end":{"line":19,"column":4}},"6":{"start":{"line":20,"column":2},"end":{"line":20,"column":23}},"7":{"start":{"line":21,"column":2},"end":{"line":21,"column":31}},"8":{"start":{"line":25,"column":0},"end":{"line":27,"column":3}},"9":{"start":{"line":26,"column":2},"end":{"line":26,"column":20}},"10":{"start":{"line":30,"column":0},"end":{"line":37,"column":3}},"11":{"start":{"line":31,"column":17},"end":{"line":31,"column":58}},"12":{"start":{"line":31,"column":35},"end":{"line":31,"column":57}},"13":{"start":{"line":32,"column":2},"end":{"line":35,"column":3}},"14":{"start":{"line":33,"column":4},"end":{"line":33,"column":56}},"15":{"start":{"line":34,"column":4},"end":{"line":34,"column":11}},"16":{"start":{"line":36,"column":2},"end":{"line":36,"column":19}},"17":{"start":{"line":39,"column":0},"end":{"line":39,"column":22}}},"fnMap":{"0":{"name":"(anonymous_1)","decl":{"start":{"line":13,"column":24},"end":{"line":13,"column":25}},"loc":{"start":{"line":13,"column":37},"end":{"line":22,"column":1}}},"1":{"name":"(anonymous_2)","decl":{"start":{"line":25,"column":23},"end":{"line":25,"column":24}},"loc":{"start":{"line":25,"column":36},"end":{"line":27,"column":1}}},"2":{"name":"(anonymous_3)","decl":{"start":{"line":30,"column":26},"end":{"line":30,"column":27}},"loc":{"start":{"line":30,"column":39},"end":{"line":37,"column":1}}},"3":{"name":"(anonymous_4)","decl":{"start":{"line":31,"column":30},"end":{"line":31,"column":31}},"loc":{"start":{"line":31,"column":35},"end":{"line":31,"column":57}}}},"branchMap":{"0":{"loc":{"start":{"line":32,"column":2},"end":{"line":35,"column":3}},"type":"if","locations":[{"start":{"line":32,"column":2},"end":{"line":35,"column":3}},{"start":{},"end":{}}]}},"s":{"0":1,"1":1,"2":1,"3":1,"4":2,"5":2,"6":2,"7":2,"8":1,"9":1,"10":1,"11":0,"12":0,"13":0,"14":0,"15":0,"16":0,"17":1},"f":{"0":2,"1":1,"2":0,"3":0},"b":{"0":[0,0]}}
}
