{"C:\\Users\\yanp0\\OneDrive\\Documentos\\proyectos\\FinNexusAi\\apps\\metaverse-trading\\MetaverseService.ts": {"path":"C:\\Users\\yanp0\\OneDrive\\Documentos\\proyectos\\FinNexusAi\\apps\\metaverse-trading\\MetaverseService.ts","statementMap":{"0":{"start":{"line":2,"column":0},"end":{"line":2,"column":30}},"1":{"start":{"line":3,"column":15},"end":{"line":3,"column":31}},"2":{"start":{"line":6,"column":22},"end":{"line":6,"column":24}},"3":{"start":{"line":9,"column":0},"end":{"line":17,"column":3}},"4":{"start":{"line":10,"column":19},"end":{"line":10,"column":27}},"5":{"start":{"line":11,"column":21},"end":{"line":14,"column":4}},"6":{"start":{"line":15,"column":2},"end":{"line":15,"column":19}},"7":{"start":{"line":16,"column":2},"end":{"line":16,"column":29}},"8":{"start":{"line":20,"column":0},"end":{"line":22,"column":3}},"9":{"start":{"line":21,"column":2},"end":{"line":21,"column":18}},"10":{"start":{"line":25,"column":0},"end":{"line":27,"column":3}},"11":{"start":{"line":26,"column":2},"end":{"line":26,"column":56}},"12":{"start":{"line":30,"column":0},"end":{"line":32,"column":3}},"13":{"start":{"line":31,"column":2},"end":{"line":31,"column":52}},"14":{"start":{"line":34,"column":0},"end":{"line":34,"column":22}}},"fnMap":{"0":{"name":"(anonymous_1)","decl":{"start":{"line":9,"column":22},"end":{"line":9,"column":23}},"loc":{"start":{"line":9,"column":35},"end":{"line":17,"column":1}}},"1":{"name":"(anonymous_2)","decl":{"start":{"line":20,"column":21},"end":{"line":20,"column":22}},"loc":{"start":{"line":20,"column":34},"end":{"line":22,"column":1}}},"2":{"name":"(anonymous_3)","decl":{"start":{"line":25,"column":31},"end":{"line":25,"column":32}},"loc":{"start":{"line":25,"column":44},"end":{"line":27,"column":1}}},"3":{"name":"(anonymous_4)","decl":{"start":{"line":30,"column":29},"end":{"line":30,"column":30}},"loc":{"start":{"line":30,"column":42},"end":{"line":32,"column":1}}}},"branchMap":{},"s":{"0":1,"1":1,"2":1,"3":1,"4":2,"5":2,"6":2,"7":2,"8":1,"9":1,"10":1,"11":0,"12":1,"13":0,"14":1},"f":{"0":2,"1":1,"2":0,"3":0},"b":{}}
}
